2026-06-16 21:10:19  INFO      =================================================================
2026-06-16 21:10:19  INFO      1. Connecting to DHIS2 ...
2026-06-16 21:10:20  INFO         Logged in as: Auto RADET (AutoRADET)
2026-06-16 21:10:20  INFO      2. Loading facility list from facility_list.json ...
2026-06-16 21:10:20  INFO         74 facilities loaded:
2026-06-16 21:10:20  INFO           Adamawa: 26
2026-06-16 21:10:20  INFO           Borno: 12
2026-06-16 21:10:20  INFO           Taraba: 29
2026-06-16 21:10:20  INFO           Yobe: 7
2026-06-16 21:10:20  INFO         Mode: FULL — pulling all periods from API
2026-06-16 21:10:20  INFO      3. Fetching ACEBAY indicators ...
2026-06-16 21:10:21  INFO         Found 41 ACEBAY indicator(s)
2026-06-16 21:10:21  INFO         Pulling 13 mapped indicator(s) (skipping 28 unmapped)
2026-06-16 21:10:21  INFO      4. Discovering BAY TX_PVLS element UIDs ...
2026-06-16 21:10:21  INFO         TX_PVLS_D: 15 element(s)
2026-06-16 21:10:21  INFO         TX_PVLS_N: 4 element(s)
2026-06-16 21:10:21  INFO      5. Pulling QUARTERLY data — 74 facilities ...
2026-06-16 21:10:21  INFO         5a. ACEBAY indicators (flow, 1 facility at a time) ...
2026-06-16 21:10:21  INFO            [1/74] Adamawa Hospital ...
2026-06-16 21:47:07  INFO      =================================================================
2026-06-16 21:47:07  INFO      1. Connecting to DHIS2 ...
2026-06-16 21:47:09  INFO         Logged in as: Auto RADET (AutoRADET)
2026-06-16 21:47:09  INFO      2. Loading facility list from facility_list.json ...
2026-06-16 21:47:09  INFO         74 facilities loaded:
2026-06-16 21:47:09  INFO           Adamawa: 26
2026-06-16 21:47:09  INFO           Borno: 12
2026-06-16 21:47:09  INFO           Taraba: 29
2026-06-16 21:47:09  INFO           Yobe: 7
2026-06-16 21:47:09  INFO         Mode: FULL — pulling all periods from API
2026-06-16 21:47:09  INFO      3. Fetching ACEBAY indicators ...
2026-06-16 21:47:09  INFO         Found 41 ACEBAY indicator(s)
2026-06-16 21:47:09  INFO         Pulling 13 mapped indicator(s) (skipping 28 unmapped)
2026-06-16 21:47:09  INFO      4. Discovering BAY TX_PVLS element UIDs ...
2026-06-16 21:47:09  INFO         TX_PVLS_D: 15 element(s)
2026-06-16 21:47:10  INFO         TX_PVLS_N: 4 element(s)
2026-06-16 21:47:10  INFO      5. Pulling QUARTERLY data — 74 facilities ...
2026-06-16 21:47:10  INFO         5a. ACEBAY indicators (flow, 1 facility at a time) ...
2026-06-16 21:47:10  INFO            [1/74] Adamawa Hospital ...
2026-06-16 21:47:40  INFO            [11/74] Hong Cottage Hospital ...
2026-06-16 21:48:32  INFO            [21/74] Song Cottage Hospital ...
2026-06-16 21:49:20  INFO            [31/74] ISS IDP Camp Clinic Ngala ...
2026-06-16 21:50:08  INFO            [41/74] Geidem General Hospital ...
2026-06-16 21:50:53  INFO            [51/74] GECHAAN lifeline Center ...
2026-06-16 21:51:48  INFO            [61/74] Mutum Biyu First Referral Hospital ...
2026-06-16 21:52:25  INFO            [71/74] Wukari Christian Reformed Church Of Nigeria Aids Action Committee ...
2026-06-16 21:52:40  INFO            Total: 2886 row(s)
2026-06-16 21:52:40  INFO         5b. TX_NEW, POST_RESP (flow) ...
2026-06-16 21:53:10  INFO            323 row(s)
2026-06-16 21:53:10  INFO         5c. TX_CURR (snapshot — last day of quarter) ...
2026-06-16 21:53:13  INFO            222 row(s)
2026-06-16 21:53:13  INFO         5d. TX_PVLS_D/N (snapshot — last day of quarter) ...
2026-06-16 21:53:16  INFO            TX_PVLS_D: 222 (period, facility) combinations
2026-06-16 21:53:18  INFO            TX_PVLS_N: 222 (period, facility) combinations
2026-06-16 21:53:18  INFO         Total quarterly records: 3875
2026-06-16 21:53:18  INFO      6. Pulling MONTHLY data — 74 facilities ...
2026-06-16 21:53:18  INFO         6a. ACEBAY indicators (flow, 1 facility at a time) ...
2026-06-16 21:53:18  INFO            [1/74] Adamawa Hospital ...
2026-06-16 21:54:12  INFO            [11/74] Hong Cottage Hospital ...
2026-06-16 21:54:49  INFO            [21/74] Song Cottage Hospital ...
2026-06-16 21:55:31  INFO            [31/74] ISS IDP Camp Clinic Ngala ...
2026-06-16 21:56:17  INFO            [41/74] Geidem General Hospital ...
2026-06-16 21:57:01  INFO            [51/74] GECHAAN lifeline Center ...
2026-06-16 21:57:39  INFO            [61/74] Mutum Biyu First Referral Hospital ...
2026-06-16 21:58:21  INFO            [71/74] Wukari Christian Reformed Church Of Nigeria Aids Action Committee ...
2026-06-16 21:58:35  INFO            Total: 8431 row(s)
2026-06-16 21:58:35  INFO         6b. TX_NEW, POST_RESP (flow) ...
2026-06-16 21:59:04  INFO            828 row(s)
2026-06-16 21:59:04  INFO         6c. TX_CURR (snapshot — last day of each month) ...
2026-06-16 21:59:10  INFO            647 row(s)
2026-06-16 21:59:10  INFO         6d. TX_PVLS_D/N (snapshot — last day of each month) ...
2026-06-16 21:59:14  INFO            TX_PVLS_D: 647 (period, facility) combinations
2026-06-16 21:59:18  INFO            TX_PVLS_N: 647 (period, facility) combinations
2026-06-16 21:59:18  INFO         Total monthly records: 11200
2026-06-16 21:59:18  INFO      7. Building quarterly summary ...
2026-06-16 21:59:19  INFO         296 rows  (74 facilities)
2026-06-16 21:59:19  INFO      8. Building monthly summary ...
2026-06-16 21:59:20  INFO         666 rows  (74 facilities)
2026-06-16 21:59:20  INFO      =================================================================
2026-06-16 21:59:20  INFO      QUARTERLY PREVIEW (first 10 rows):
2026-06-16 21:59:20  INFO      
  STATE                     FACILITY Quarter  HTS_TST  HTS_TST_POS  TX_NEW  TX_CURR  TX_PVLS_D  TX_PVLS_N    VLC    VLS
Adamawa             Adamawa Hospital    Qtr1    823.0         20.0    20.0   1053.0      981.0      928.0 0.9316 0.9460
Adamawa             Adamawa Hospital    Qtr2   1486.0         28.0    29.0   1058.0      992.0      960.0 0.9376 0.9677
Adamawa             Adamawa Hospital    Qtr3   2122.0         43.0    44.0   1064.0      976.0      944.0 0.9173 0.9672
Adamawa             Adamawa Hospital    FY26   2122.0         43.0    44.0   1064.0      976.0      944.0 0.9173 0.9672
Adamawa     Borrong General Hospital    Qtr1    505.0          5.0     5.0    184.0      160.0      153.0 0.8696 0.9562
Adamawa     Borrong General Hospital    Qtr2    766.0          7.0     7.0    184.0      169.0      161.0 0.9185 0.9527
Adamawa     Borrong General Hospital    Qtr3    837.0          9.0     9.0    188.0      165.0      160.0 0.8777 0.9697
Adamawa     Borrong General Hospital    FY26    837.0          9.0     9.0    188.0      165.0      160.0 0.8777 0.9697
Adamawa Boshong Clinic and Maternity    Qtr1    576.0          3.0     3.0    583.0      551.0      525.0 0.9451 0.9528
Adamawa Boshong Clinic and Maternity    Qtr2   1240.0          5.0     5.0    588.0      566.0      549.0 0.9626 0.9700
2026-06-16 21:59:20  INFO      =================================================================
2026-06-16 21:59:20  INFO      10. Loading FY targets from Azure Blob ...
2026-06-16 22:00:04  INFO      Running targets loaded: 74 facilities, 79 indicators, 195 dates
2026-06-16 22:00:08  INFO          20 target column(s) added to Quarterly; 20 to Monthly.
2026-06-16 22:00:11  INFO      Saved: E:\D Drive\PROJECTS\powerbi-datasource\powerbi-datasource_V1.0\AHNi_Executive_Summary_Engine_v.2.0\output\ACEBAY_Dhis2_Output_FY2026.xlsx
2026-06-16 22:00:11  INFO        Sheet 'Quarterly' — STATE, FACILITY, Qtr1..Qtr4 + FY26 per facility
2026-06-16 22:00:11  INFO        Sheet 'Monthly'   — STATE, FACILITY, Oct-25..Sep-26 per facility
2026-06-16 22:00:11  INFO      12. Uploading to Azure Blob as 'FY2026_dashboard.xlsx' ...
2026-06-16 22:00:14  INFO          Uploaded: https://baycentral.blob.core.windows.net/powerbi-datasource/FY2026_dashboard.xlsx
2026-06-16 22:00:14  INFO      -----------------------------------------------------------------
2026-06-16 22:00:14  INFO      Recent run history:
2026-06-16 22:00:14  INFO        2026-06-16T22:00:14 | mode=full        | period=Qtr3 / Jun-26 | api=15075 | cache=    0
2026-06-16 22:00:14  INFO        2026-06-16T20:03:57 | mode=incremental | period=Qtr3 / Jun-26 | api= 2338 | cache=13181
2026-06-16 22:00:14  INFO        2026-06-16T17:57:44 | mode=incremental | period=Qtr3 / Jun-26 | api= 2338 | cache=13181
2026-06-16 22:00:14  INFO        2026-06-16T16:52:52 | mode=incremental | period=Qtr3 / Jun-26 | api= 2338 | cache=13181
2026-06-16 22:00:14  INFO        2026-06-16T16:46:08 | mode=full        | period=Qtr3 / Jun-26 | api=15075 | cache=    0
2026-06-16 22:00:14  INFO      Done.
2026-06-16 22:00:14  INFO      =================================================================
2026-06-17 13:24:21  INFO      =================================================================
2026-06-17 13:24:21  INFO      1. Connecting to DHIS2 ...
2026-06-17 13:24:25  INFO         Logged in as: Auto RADET (AutoRADET)
2026-06-17 13:24:25  INFO      2. Loading facility list from facility_list.json ...
2026-06-17 13:24:25  INFO         74 facilities loaded:
2026-06-17 13:24:25  INFO           Adamawa: 26
2026-06-17 13:24:25  INFO           Borno: 12
2026-06-17 13:24:25  INFO           Taraba: 29
2026-06-17 13:24:25  INFO           Yobe: 7
2026-06-17 13:24:25  INFO         Mode: INCREMENTAL — API for Qtr3 / Jun-26; cache for 3 quarters, 11 months
2026-06-17 13:24:25  INFO      3. Fetching ACEBAY indicators ...
2026-06-17 13:24:26  INFO         Found 41 ACEBAY indicator(s)
2026-06-17 13:24:26  INFO         Pulling 11 mapped indicator(s) (skipping 30 unmapped)
2026-06-17 13:24:26  INFO      4. Discovering BAY TX_PVLS element UIDs ...
2026-06-17 13:24:26  INFO         TX_PVLS_D: 15 element(s)
2026-06-17 13:24:28  INFO         TX_PVLS_N: 4 element(s)
2026-06-17 13:24:28  INFO      4b. Discovering TB_PREV data element UIDs ...
2026-06-17 13:24:29  INFO         TB_PREV.N.Already.T: 1 element(s)  ['DR Number of PLHIV on ART with active TB disease who initiated TB treatment (Clinic_Encounter)_v22']
2026-06-17 13:24:29  INFO         TB_PREV.N.New.T: 1 element(s)  ['DR Number of PLHIV on ART with active TB disease who initiated TB treatment (Care_New)_v22']
2026-06-17 13:24:29  INFO      5. Pulling QUARTERLY data — 74 facilities ...
2026-06-17 13:24:29  INFO         Cache: 2810 rows for ['Qtr1', 'Qtr2', 'Qtr4']
2026-06-17 13:24:29  INFO         5a. ACEBAY indicators (flow, 1 facility at a time) ...
2026-06-17 13:24:29  INFO            [1/74] Adamawa Hospital ...
2026-06-17 13:24:50  INFO            [11/74] Hong Cottage Hospital ...
2026-06-17 13:25:08  INFO            [21/74] Song Cottage Hospital ...
2026-06-17 13:25:26  INFO            [31/74] ISS IDP Camp Clinic Ngala ...
2026-06-17 13:25:42  INFO            [41/74] Geidem General Hospital ...
2026-06-17 13:25:59  INFO            [51/74] GECHAAN lifeline Center ...
2026-06-17 13:26:14  INFO            [61/74] Mutum Biyu First Referral Hospital ...
2026-06-17 13:31:40  INFO            [71/74] Wukari Christian Reformed Church Of Nigeria Aids Action Committee ...
2026-06-17 13:31:50  INFO            Total: 814 row(s)
2026-06-17 13:31:50  INFO         5b. TX_NEW, POST_RESP (flow) ...
2026-06-17 13:32:03  INFO            103 row(s)
2026-06-17 13:32:03  INFO         5c. TX_CURR (snapshot — last day of quarter) ...
2026-06-17 13:32:04  INFO            0 row(s)
2026-06-17 13:32:04  INFO         5d. TX_PVLS_D/N (snapshot — last day of quarter) ...
2026-06-17 13:32:05  INFO            TX_PVLS_D: 0 (period, facility) combinations
2026-06-17 13:32:06  INFO            TX_PVLS_N: 0 (period, facility) combinations
2026-06-17 13:32:06  INFO         5e. TX_TB.N.Already/New (flow — sum over quarter) ...
2026-06-17 13:32:13  INFO            TB_PREV.N.Already.T: 74 (period, facility) combinations
2026-06-17 13:32:19  INFO            TB_PREV.N.New.T: 74 (period, facility) combinations
2026-06-17 13:32:19  INFO         Total quarterly records: 3875
2026-06-17 13:32:19  INFO      6. Pulling MONTHLY data — 74 facilities ...
2026-06-17 13:32:19  INFO         Cache: 10371 rows for 11 past months
2026-06-17 13:32:19  INFO         6a. ACEBAY indicators (flow, 1 facility at a time) ...
2026-06-17 13:32:19  INFO            [1/74] Adamawa Hospital ...
2026-06-17 13:32:40  INFO            [11/74] Hong Cottage Hospital ...
2026-06-17 13:33:00  INFO            [21/74] Song Cottage Hospital ...
2026-06-17 13:33:21  INFO            [31/74] ISS IDP Camp Clinic Ngala ...
2026-06-17 13:33:40  INFO            [41/74] Geidem General Hospital ...
2026-06-17 13:34:06  INFO            [51/74] GECHAAN lifeline Center ...
2026-06-17 13:34:25  INFO            [61/74] Mutum Biyu First Referral Hospital ...
2026-06-17 13:34:44  INFO            [71/74] Wukari Christian Reformed Church Of Nigeria Aids Action Committee ...
2026-06-17 13:34:51  INFO            Total: 592 row(s)
2026-06-17 13:34:51  INFO         6b. TX_NEW, POST_RESP (flow) ...
2026-06-17 13:34:55  INFO            89 row(s)
2026-06-17 13:34:55  INFO         6c. TX_CURR (snapshot — last day of each month) ...
2026-06-17 13:34:56  INFO            0 row(s)
2026-06-17 13:34:56  INFO         6d. TX_PVLS_D/N (snapshot — last day of each month) ...
2026-06-17 13:34:57  INFO            TX_PVLS_D: 0 (period, facility) combinations
2026-06-17 13:34:58  INFO            TX_PVLS_N: 0 (period, facility) combinations
2026-06-17 13:34:58  INFO         6e. TX_TB.N.Already/New (flow — sum over month) ...
2026-06-17 13:35:05  INFO            TB_PREV.N.Already.T: 74 (period, facility) combinations
2026-06-17 13:35:11  INFO            TB_PREV.N.New.T: 74 (period, facility) combinations
2026-06-17 13:35:12  INFO         Total monthly records: 11200
2026-06-17 13:35:12  INFO      7. Building quarterly summary ...
2026-06-17 13:35:12  INFO         370 rows  (74 facilities)
2026-06-17 13:35:12  INFO      8. Building monthly summary ...
2026-06-17 13:35:12  INFO         740 rows  (74 facilities)
2026-06-17 13:35:12  INFO      =================================================================
2026-06-17 13:35:12  INFO      QUARTERLY PREVIEW (first 10 rows):
2026-06-17 13:35:12  INFO      
  STATE                 FACILITY Quarter  HTS_TST  HTS_TST_POS  TX_NEW  TX_CURR  TX_PVLS_D  TX_PVLS_N    VLC    VLS
Adamawa         Adamawa Hospital    Qtr1    823.0         20.0    20.0   1053.0      981.0      928.0 0.9316 0.9460
Adamawa         Adamawa Hospital    Qtr2   1486.0         28.0    29.0   1058.0      992.0      960.0 0.9376 0.9677
Adamawa         Adamawa Hospital    Qtr3   2122.0         43.0    44.0      NaN        NaN        NaN    NaN    NaN
Adamawa         Adamawa Hospital    Qtr4   2122.0         43.0    44.0   1062.0      972.0      940.0 0.9153 0.9671
Adamawa         Adamawa Hospital    FY26   2122.0         43.0    44.0      NaN        NaN        NaN    NaN    NaN
Adamawa Borrong General Hospital    Qtr1    505.0          5.0     5.0    184.0      160.0      153.0 0.8696 0.9562
Adamawa Borrong General Hospital    Qtr2    766.0          7.0     7.0    184.0      169.0      161.0 0.9185 0.9527
Adamawa Borrong General Hospital    Qtr3    837.0          9.0     9.0      NaN        NaN        NaN    NaN    NaN
Adamawa Borrong General Hospital    Qtr4    837.0          9.0     9.0    188.0      165.0      160.0 0.8777 0.9697
Adamawa Borrong General Hospital    FY26    837.0          9.0     9.0      NaN        NaN        NaN    NaN    NaN
2026-06-17 13:35:12  INFO      =================================================================
2026-06-17 13:35:12  INFO      10. Loading FY targets from Azure Blob ...
2026-06-17 13:35:23  INFO      Running targets loaded: 74 facilities, 79 indicators, 195 dates
2026-06-17 13:35:24  INFO          20 target column(s) added to Quarterly; 20 to Monthly.
2026-06-17 13:35:25  INFO      Saved: E:\D Drive\PROJECTS\powerbi-datasource\powerbi-datasource_V1.0\AHNi_Executive_Summary_Engine_v.2.0\output\ACEBAY_Dhis2_Output_FY2026.xlsx
2026-06-17 13:35:25  INFO        Sheet 'Quarterly' — STATE, FACILITY, Qtr1..Qtr4 + FY26 per facility
2026-06-17 13:35:25  INFO        Sheet 'Monthly'   — STATE, FACILITY, Oct-25..Sep-26 per facility
2026-06-17 13:35:25  INFO      12. Uploading to Azure Blob as 'FY2026_dashboard.xlsx' ...
2026-06-17 13:35:25  INFO          Skipped — --skip-upload flag set.
2026-06-17 13:35:25  INFO      -----------------------------------------------------------------
2026-06-17 13:35:25  INFO      Recent run history:
2026-06-17 13:35:25  INFO        2026-06-17T13:35:25 | mode=incremental | period=Qtr3 / Jun-26 | api= 1894 | cache=13181
2026-06-17 13:35:25  INFO        2026-06-16T22:00:14 | mode=full        | period=Qtr3 / Jun-26 | api=15075 | cache=    0
2026-06-17 13:35:25  INFO        2026-06-16T20:03:57 | mode=incremental | period=Qtr3 / Jun-26 | api= 2338 | cache=13181
2026-06-17 13:35:25  INFO        2026-06-16T17:57:44 | mode=incremental | period=Qtr3 / Jun-26 | api= 2338 | cache=13181
2026-06-17 13:35:25  INFO        2026-06-16T16:52:52 | mode=incremental | period=Qtr3 / Jun-26 | api= 2338 | cache=13181
2026-06-17 13:35:25  INFO      Done.
2026-06-17 13:35:25  INFO      =================================================================
2026-06-17 13:59:54  INFO      =================================================================
2026-06-17 13:59:54  INFO      1. Connecting to DHIS2 ...
2026-06-17 13:59:55  INFO         Logged in as: Auto RADET (AutoRADET)
2026-06-17 13:59:55  INFO      2. Loading facility list from facility_list.json ...
2026-06-17 13:59:55  INFO         74 facilities loaded:
2026-06-17 13:59:55  INFO           Adamawa: 26
2026-06-17 13:59:55  INFO           Borno: 12
2026-06-17 13:59:55  INFO           Taraba: 29
2026-06-17 13:59:55  INFO           Yobe: 7
2026-06-17 13:59:55  INFO         Mode: FULL — pulling all periods from API
2026-06-17 13:59:55  INFO      3. Fetching ACEBAY indicators ...
2026-06-17 13:59:56  INFO         Found 41 ACEBAY indicator(s)
2026-06-17 13:59:56  INFO         Pulling 11 mapped indicator(s) (skipping 30 unmapped)
2026-06-17 13:59:56  INFO      4. Discovering BAY TX_PVLS element UIDs ...
2026-06-17 13:59:56  INFO         TX_PVLS_D: 15 element(s)
2026-06-17 13:59:56  INFO         TX_PVLS_N: 4 element(s)
2026-06-17 13:59:56  INFO      4b. Discovering TB_PREV data element UIDs ...
2026-06-17 13:59:56  INFO         TB_PREV.N.Already.T: 1 element(s)  ['DR Number of PLHIV on ART with active TB disease who initiated TB treatment (Clinic_Encounter)_v22']
2026-06-17 13:59:57  INFO         TB_PREV.N.New.T: 1 element(s)  ['DR Number of PLHIV on ART with active TB disease who initiated TB treatment (Care_New)_v22']
2026-06-17 13:59:57  INFO      5. Pulling QUARTERLY data — 74 facilities ...
2026-06-17 13:59:57  INFO         5a. ACEBAY indicators (flow, 1 facility at a time) ...
2026-06-17 13:59:57  INFO            [1/74] Adamawa Hospital ...
2026-06-17 14:00:56  INFO            [11/74] Hong Cottage Hospital ...
2026-06-17 14:01:27  INFO      =================================================================
2026-06-17 14:01:27  INFO      1. Connecting to DHIS2 ...
2026-06-17 14:01:28  INFO         Logged in as: Auto RADET (AutoRADET)
2026-06-17 14:01:28  INFO      2. Loading facility list from facility_list.json ...
2026-06-17 14:01:28  INFO         74 facilities loaded:
2026-06-17 14:01:28  INFO           Adamawa: 26
2026-06-17 14:01:28  INFO           Borno: 12
2026-06-17 14:01:28  INFO           Taraba: 29
2026-06-17 14:01:28  INFO           Yobe: 7
2026-06-17 14:01:28  INFO         Mode: FULL — pulling all periods from API
2026-06-17 14:01:28  INFO      3. Fetching ACEBAY indicators ...
2026-06-17 14:01:28  INFO         Found 41 ACEBAY indicator(s)
2026-06-17 14:01:28  INFO         Pulling 11 mapped indicator(s) (skipping 30 unmapped)
2026-06-17 14:01:28  INFO      4. Discovering BAY TX_PVLS element UIDs ...
2026-06-17 14:01:28  INFO         TX_PVLS_D: 15 element(s)
2026-06-17 14:01:28  INFO         TX_PVLS_N: 4 element(s)
2026-06-17 14:01:28  INFO      4b. Discovering TB_PREV data element UIDs ...
2026-06-17 14:01:28  INFO         TB_PREV.N.Already.T: 1 element(s)  ['DR Number of PLHIV on ART with active TB disease who initiated TB treatment (Clinic_Encounter)_v22']
2026-06-17 14:01:29  INFO         TB_PREV.N.New.T: 1 element(s)  ['DR Number of PLHIV on ART with active TB disease who initiated TB treatment (Care_New)_v22']
2026-06-17 14:01:29  INFO      5. Pulling QUARTERLY data — 74 facilities ...
2026-06-17 14:01:29  INFO         5a. ACEBAY indicators (flow, 1 facility at a time) ...
2026-06-17 14:01:29  INFO            [1/74] Adamawa Hospital ...
2026-06-17 14:02:19  INFO            [11/74] Hong Cottage Hospital ...
2026-06-17 14:03:18  INFO            [21/74] Song Cottage Hospital ...
2026-06-17 14:04:17  INFO            [31/74] ISS IDP Camp Clinic Ngala ...
2026-06-17 14:05:19  INFO            [41/74] Geidem General Hospital ...
2026-06-17 14:06:28  INFO            [51/74] GECHAAN lifeline Center ...
2026-06-17 14:07:25  INFO            [61/74] Mutum Biyu First Referral Hospital ...
2026-06-17 14:08:22  INFO            [71/74] Wukari Christian Reformed Church Of Nigeria Aids Action Committee ...
2026-06-17 14:08:43  INFO            Total: 2442 row(s)
2026-06-17 14:08:43  INFO         5b. TX_NEW, POST_RESP (flow) ...
2026-06-17 14:09:18  INFO            322 row(s)
2026-06-17 14:09:18  INFO         5c. TX_CURR (snapshot — last day of quarter) ...
2026-06-17 14:09:20  INFO            148 row(s)
2026-06-17 14:09:20  INFO         5d. TX_PVLS_D/N (snapshot — last day of quarter) ...
2026-06-17 14:09:22  INFO            TX_PVLS_D: 148 (period, facility) combinations
2026-06-17 14:09:23  INFO            TX_PVLS_N: 148 (period, facility) combinations
2026-06-17 14:09:23  INFO         5e. TX_TB.N.Already/New (flow — sum over quarter) ...
2026-06-17 14:09:33  INFO            TB_PREV.N.Already.T: 222 (period, facility) combinations
2026-06-17 14:09:44  INFO            TB_PREV.N.New.T: 222 (period, facility) combinations
2026-06-17 14:09:44  INFO         Total quarterly records: 3652
2026-06-17 14:09:44  INFO      6. Pulling MONTHLY data — 74 facilities ...
2026-06-17 14:09:44  INFO         6a. ACEBAY indicators (flow, 1 facility at a time) ...
2026-06-17 14:09:44  INFO            [1/74] Adamawa Hospital ...
2026-06-17 14:10:36  INFO            [11/74] Hong Cottage Hospital ...
2026-06-17 14:11:30  INFO            [21/74] Song Cottage Hospital ...
2026-06-17 14:12:23  INFO            [31/74] ISS IDP Camp Clinic Ngala ...
2026-06-17 14:13:20  INFO            [41/74] Geidem General Hospital ...
2026-06-17 14:14:25  INFO            [51/74] GECHAAN lifeline Center ...
2026-06-17 14:15:49  INFO            [61/74] Mutum Biyu First Referral Hospital ...
2026-06-17 14:16:39  INFO            [71/74] Wukari Christian Reformed Church Of Nigeria Aids Action Committee ...
2026-06-17 14:17:02  INFO            Total: 7099 row(s)
2026-06-17 14:17:02  INFO         6b. TX_NEW, POST_RESP (flow) ...
2026-06-17 14:17:44  INFO            827 row(s)
2026-06-17 14:17:44  INFO         6c. TX_CURR (snapshot — last day of each month) ...
2026-06-17 14:17:50  INFO            592 row(s)
2026-06-17 14:17:50  INFO         6d. TX_PVLS_D/N (snapshot — last day of each month) ...
2026-06-17 14:17:54  INFO            TX_PVLS_D: 592 (period, facility) combinations
2026-06-17 14:17:59  INFO            TX_PVLS_N: 592 (period, facility) combinations
2026-06-17 14:17:59  INFO         6e. TX_TB.N.Already/New (flow — sum over month) ...
2026-06-17 14:18:15  INFO            TB_PREV.N.Already.T: 666 (period, facility) combinations
2026-06-17 14:18:28  INFO            TB_PREV.N.New.T: 666 (period, facility) combinations
2026-06-17 14:18:28  INFO         Total monthly records: 11034
2026-06-17 14:18:28  INFO      7. Building quarterly summary ...
2026-06-17 14:18:28  INFO         296 rows  (74 facilities)
2026-06-17 14:18:28  INFO      8. Building monthly summary ...
2026-06-17 14:18:29  INFO         666 rows  (74 facilities)
2026-06-17 14:18:29  INFO      =================================================================
2026-06-17 14:18:29  INFO      QUARTERLY PREVIEW (first 10 rows):
2026-06-17 14:18:29  INFO      
  STATE                     FACILITY Quarter  HTS_TST  HTS_TST_POS  TX_NEW  TX_CURR  TX_PVLS_D  TX_PVLS_N    VLC    VLS
Adamawa             Adamawa Hospital    Qtr1    813.0         20.0    20.0   1053.0      981.0      928.0 0.9316 0.9460
Adamawa             Adamawa Hospital    Qtr2   1634.0         29.0    30.0   1058.0      992.0      960.0 0.9376 0.9677
Adamawa             Adamawa Hospital    Qtr3   2270.0         44.0    45.0      NaN        NaN        NaN    NaN    NaN
Adamawa             Adamawa Hospital    FY26   2270.0         44.0    45.0      NaN        NaN        NaN    NaN    NaN
Adamawa     Borrong General Hospital    Qtr1    505.0          5.0     5.0    184.0      160.0      153.0 0.8696 0.9562
Adamawa     Borrong General Hospital    Qtr2    769.0          7.0     7.0    184.0      169.0      161.0 0.9185 0.9527
Adamawa     Borrong General Hospital    Qtr3    840.0          9.0     9.0      NaN        NaN        NaN    NaN    NaN
Adamawa     Borrong General Hospital    FY26    840.0          9.0     9.0      NaN        NaN        NaN    NaN    NaN
Adamawa Boshong Clinic and Maternity    Qtr1    576.0          3.0     3.0    583.0      551.0      525.0 0.9451 0.9528
Adamawa Boshong Clinic and Maternity    Qtr2   1229.0          5.0     5.0    588.0      566.0      549.0 0.9626 0.9700
2026-06-17 14:18:29  INFO      =================================================================
2026-06-17 14:18:29  INFO      10. Loading FY targets from Azure Blob ...
2026-06-17 14:18:37  INFO      Running targets loaded: 74 facilities, 79 indicators, 195 dates
2026-06-17 14:18:38  INFO          20 target column(s) added to Quarterly; 20 to Monthly.
2026-06-17 14:18:39  INFO      Saved: E:\D Drive\PROJECTS\powerbi-datasource\powerbi-datasource_V1.0\AHNi_Executive_Summary_Engine_v.2.0\output\ACEBAY_Dhis2_Output_FY2026.xlsx
2026-06-17 14:18:39  INFO        Sheet 'Quarterly' — STATE, FACILITY, Qtr1..Qtr4 + FY26 per facility
2026-06-17 14:18:39  INFO        Sheet 'Monthly'   — STATE, FACILITY, Oct-25..Sep-26 per facility
2026-06-17 14:18:39  INFO      12. Uploading to Azure Blob as 'FY2026_dashboard.xlsx' ...
2026-06-17 14:18:41  INFO          Uploaded: https://baycentral.blob.core.windows.net/powerbi-datasource/FY2026_dashboard.xlsx
2026-06-17 14:18:41  INFO      -----------------------------------------------------------------
2026-06-17 14:18:41  INFO      Recent run history:
2026-06-17 14:18:41  INFO        2026-06-17T14:18:41 | mode=full        | period=Qtr3 / Jun-26 | api=14686 | cache=    0
2026-06-17 14:18:41  INFO        2026-06-17T13:35:25 | mode=incremental | period=Qtr3 / Jun-26 | api= 1894 | cache=13181
2026-06-17 14:18:41  INFO        2026-06-16T22:00:14 | mode=full        | period=Qtr3 / Jun-26 | api=15075 | cache=    0
2026-06-17 14:18:41  INFO        2026-06-16T20:03:57 | mode=incremental | period=Qtr3 / Jun-26 | api= 2338 | cache=13181
2026-06-17 14:18:41  INFO        2026-06-16T17:57:44 | mode=incremental | period=Qtr3 / Jun-26 | api= 2338 | cache=13181
2026-06-17 14:18:41  INFO      Done.
2026-06-17 14:18:41  INFO      =================================================================
2026-06-17 14:32:23  INFO      =================================================================
2026-06-17 14:32:23  INFO      1. Connecting to DHIS2 ...
2026-06-17 14:32:24  INFO         Logged in as: Auto RADET (AutoRADET)
2026-06-17 14:32:24  INFO      2. Loading facility list from facility_list.json ...
2026-06-17 14:32:24  INFO         74 facilities loaded:
2026-06-17 14:32:24  INFO           Adamawa: 26
2026-06-17 14:32:24  INFO           Borno: 12
2026-06-17 14:32:24  INFO           Taraba: 29
2026-06-17 14:32:24  INFO           Yobe: 7
2026-06-17 14:32:24  INFO         Mode: FULL — pulling all periods from API
2026-06-17 14:32:24  INFO      3. Fetching ACEBAY indicators ...
2026-06-17 14:32:25  INFO         Found 41 ACEBAY indicator(s)
2026-06-17 14:32:25  INFO         Pulling 11 mapped indicator(s) (skipping 30 unmapped)
2026-06-17 14:32:25  INFO      4. Discovering BAY TX_PVLS element UIDs ...
2026-06-17 14:32:25  INFO         TX_PVLS_D: 15 element(s)
2026-06-17 14:32:25  INFO         TX_PVLS_N: 4 element(s)
2026-06-17 14:32:25  INFO      4b. Discovering TX_TB data element UIDs ...
2026-06-17 14:32:25  INFO         TX_TB.N.Already.T: 1 element(s)  ['DR Number of PLHIV on ART with active TB disease who initiated TB treatment (Clinic_Encounter)_v22']
2026-06-17 14:32:25  INFO         TX_TB.N.New.T: 1 element(s)  ['DR Number of PLHIV on ART with active TB disease who initiated TB treatment (Care_New)_v22']
2026-06-17 14:32:25  INFO      5. Pulling QUARTERLY data — 74 facilities ...
2026-06-17 14:32:25  INFO         5a. ACEBAY indicators (flow, 1 facility at a time) ...
2026-06-17 14:32:25  INFO            [1/74] Adamawa Hospital ...
2026-06-17 14:36:44  INFO            [11/74] Hong Cottage Hospital ...
2026-06-17 14:40:06  INFO      =================================================================
2026-06-17 14:40:06  INFO      1. Connecting to DHIS2 ...
2026-06-17 14:40:07  INFO         Logged in as: Auto RADET (AutoRADET)
2026-06-17 14:40:07  INFO      2. Loading facility list from facility_list.json ...
2026-06-17 14:40:07  INFO         74 facilities loaded:
2026-06-17 14:40:07  INFO           Adamawa: 26
2026-06-17 14:40:07  INFO           Borno: 12
2026-06-17 14:40:07  INFO           Taraba: 29
2026-06-17 14:40:07  INFO           Yobe: 7
2026-06-17 14:40:07  INFO         Mode: FULL — pulling all periods from API
2026-06-17 14:40:07  INFO      3. Fetching ACEBAY indicators ...
2026-06-17 14:40:07  INFO         Found 41 ACEBAY indicator(s)
2026-06-17 14:40:07  INFO         Pulling 9 mapped indicator(s) (skipping 32 unmapped)
2026-06-17 14:40:07  INFO      4. Discovering BAY TX_PVLS element UIDs ...
2026-06-17 14:40:07  INFO         TX_PVLS_D: 15 element(s)
2026-06-17 14:40:08  INFO         TX_PVLS_N: 4 element(s)
2026-06-17 14:40:08  INFO      4b. Discovering TX_TB data element UIDs ...
2026-06-17 14:40:08  INFO         TX_TB.N.Already.T: 1 element(s)  ['DR Number of PLHIV on ART with active TB disease who initiated TB treatment (Clinic_Encounter)_v22']
2026-06-17 14:40:08  INFO         TX_TB.N.New.T: 1 element(s)  ['DR Number of PLHIV on ART with active TB disease who initiated TB treatment (Care_New)_v22']
2026-06-17 14:40:08  INFO      4c. Discovering TB_PREV data element UIDs ...
2026-06-17 14:40:08  INFO         TB_PREV.N.Already.T: 1 element(s)  ['DR - Number of ART patients who started a course of TB preventive therapy and completed - (Clinic_Encounter)_v22']
2026-06-17 14:40:09  INFO         TB_PREV.N.New.T: 1 element(s)  ['DR - Number of ART patients who started a course of TB preventive therapy (INH) 6months prior and completed - (Care_New)_v22']
2026-06-17 14:40:09  INFO      5. Pulling QUARTERLY data — 74 facilities ...
2026-06-17 14:40:09  INFO         5a. ACEBAY indicators (flow, 1 facility at a time) ...
2026-06-17 14:40:09  INFO            [1/74] Adamawa Hospital ...
2026-06-17 14:41:17  INFO            [11/74] Hong Cottage Hospital ...
2026-06-17 14:41:45  INFO            [21/74] Song Cottage Hospital ...
2026-06-17 14:42:31  INFO            [31/74] ISS IDP Camp Clinic Ngala ...
2026-06-17 14:43:10  INFO            [41/74] Geidem General Hospital ...
2026-06-17 14:43:47  INFO            [51/74] GECHAAN lifeline Center ...
2026-06-17 14:44:24  INFO            [61/74] Mutum Biyu First Referral Hospital ...
2026-06-17 14:45:00  INFO            [71/74] Wukari Christian Reformed Church Of Nigeria Aids Action Committee ...
2026-06-17 14:45:14  INFO            Total: 1998 row(s)
2026-06-17 14:45:14  INFO         5b. TX_NEW, POST_RESP (flow) ...
2026-06-17 14:45:45  INFO            322 row(s)
2026-06-17 14:45:45  INFO         5c. TX_CURR (snapshot — last day of quarter) ...
2026-06-17 14:45:47  INFO            222 row(s)
2026-06-17 14:45:47  INFO         5d. TX_PVLS_D/N (snapshot — last day of quarter) ...
2026-06-17 14:45:49  INFO            TX_PVLS_D: 222 (period, facility) combinations
2026-06-17 14:45:50  INFO            TX_PVLS_N: 222 (period, facility) combinations
2026-06-17 14:45:50  INFO         5e. TX_TB.N.Already/New (flow — sum over quarter) ...
2026-06-17 14:46:00  INFO            TX_TB.N.Already.T: 222 (period, facility) combinations
2026-06-17 14:46:09  INFO            TX_TB.N.New.T: 222 (period, facility) combinations
2026-06-17 14:46:09  INFO         5f. TB_PREV.N.Already/New (flow — sum over quarter) ...
2026-06-17 14:46:18  INFO            TB_PREV.N.Already.T: 222 (period, facility) combinations
2026-06-17 14:46:28  INFO            TB_PREV.N.New.T: 222 (period, facility) combinations
2026-06-17 14:46:28  INFO         Total quarterly records: 3874
2026-06-17 14:46:28  INFO      6. Pulling MONTHLY data — 74 facilities ...
2026-06-17 14:46:28  INFO         6a. ACEBAY indicators (flow, 1 facility at a time) ...
2026-06-17 14:46:28  INFO            [1/74] Adamawa Hospital ...
2026-06-17 14:47:21  INFO            [11/74] Hong Cottage Hospital ...
2026-06-17 14:47:58  INFO            [21/74] Song Cottage Hospital ...
2026-06-17 14:48:35  INFO            [31/74] ISS IDP Camp Clinic Ngala ...
2026-06-17 14:49:17  INFO            [41/74] Geidem General Hospital ...
2026-06-17 14:49:56  INFO            [51/74] GECHAAN lifeline Center ...
2026-06-17 14:50:33  INFO            [61/74] Mutum Biyu First Referral Hospital ...
2026-06-17 14:51:12  INFO            [71/74] Wukari Christian Reformed Church Of Nigeria Aids Action Committee ...
2026-06-17 14:51:33  INFO            Total: 5846 row(s)
2026-06-17 14:51:33  INFO         6b. TX_NEW, POST_RESP (flow) ...
2026-06-17 14:52:09  INFO            827 row(s)
2026-06-17 14:52:09  INFO         6c. TX_CURR (snapshot — last day of each month) ...
2026-06-17 14:52:17  INFO            666 row(s)
2026-06-17 14:52:17  INFO         6d. TX_PVLS_D/N (snapshot — last day of each month) ...
2026-06-17 14:52:21  INFO            TX_PVLS_D: 666 (period, facility) combinations
2026-06-17 14:52:25  INFO            TX_PVLS_N: 666 (period, facility) combinations
2026-06-17 14:52:25  INFO         6e. TX_TB.N.Already/New (flow — sum over month) ...
2026-06-17 14:52:39  INFO            TX_TB.N.Already.T: 666 (period, facility) combinations
2026-06-17 14:52:49  INFO            TX_TB.N.New.T: 666 (period, facility) combinations
2026-06-17 14:52:49  INFO         6f. TB_PREV.N.Already/New (flow — sum over month) ...
2026-06-17 14:53:00  INFO            TB_PREV.N.Already.T: 666 (period, facility) combinations
2026-06-17 14:53:11  INFO            TB_PREV.N.New.T: 666 (period, facility) combinations
2026-06-17 14:53:11  INFO         Total monthly records: 11335
2026-06-17 14:53:11  INFO      7. Building quarterly summary ...
2026-06-17 14:53:11  INFO         296 rows  (74 facilities)
2026-06-17 14:53:11  INFO      8. Building monthly summary ...
2026-06-17 14:53:11  INFO         666 rows  (74 facilities)
2026-06-17 14:53:11  INFO      =================================================================
2026-06-17 14:53:11  INFO      QUARTERLY PREVIEW (first 10 rows):
2026-06-17 14:53:11  INFO      
  STATE                     FACILITY Quarter  HTS_TST  HTS_TST_POS  TX_NEW  TX_CURR  TX_PVLS_D  TX_PVLS_N    VLC    VLS
Adamawa             Adamawa Hospital    Qtr1    813.0         20.0    20.0   1053.0      981.0      928.0 0.9316 0.9460
Adamawa             Adamawa Hospital    Qtr2   1634.0         29.0    30.0   1058.0      992.0      960.0 0.9376 0.9677
Adamawa             Adamawa Hospital    Qtr3   2270.0         44.0    45.0   1064.0      978.0      946.0 0.9192 0.9673
Adamawa             Adamawa Hospital    FY26   2270.0         44.0    45.0   1064.0      978.0      946.0 0.9192 0.9673
Adamawa     Borrong General Hospital    Qtr1    505.0          5.0     5.0    184.0      160.0      153.0 0.8696 0.9562
Adamawa     Borrong General Hospital    Qtr2    769.0          7.0     7.0    184.0      169.0      161.0 0.9185 0.9527
Adamawa     Borrong General Hospital    Qtr3    840.0          9.0     9.0    188.0      165.0      160.0 0.8777 0.9697
Adamawa     Borrong General Hospital    FY26    840.0          9.0     9.0    188.0      165.0      160.0 0.8777 0.9697
Adamawa Boshong Clinic and Maternity    Qtr1    576.0          3.0     3.0    583.0      551.0      525.0 0.9451 0.9528
Adamawa Boshong Clinic and Maternity    Qtr2   1229.0          5.0     5.0    588.0      566.0      549.0 0.9626 0.9700
2026-06-17 14:53:11  INFO      =================================================================
2026-06-17 14:53:11  INFO      10. Loading FY targets from Azure Blob ...
2026-06-17 14:53:21  INFO      Running targets loaded: 74 facilities, 79 indicators, 195 dates
2026-06-17 14:53:23  INFO          20 target column(s) added to Quarterly; 20 to Monthly.
2026-06-17 14:53:24  INFO      Saved: E:\D Drive\PROJECTS\powerbi-datasource\powerbi-datasource_V1.0\AHNi_Executive_Summary_Engine_v.2.0\output\ACEBAY_Dhis2_Output_FY2026.xlsx
2026-06-17 14:53:24  INFO        Sheet 'Quarterly' — STATE, FACILITY, Qtr1..Qtr4 + FY26 per facility
2026-06-17 14:53:24  INFO        Sheet 'Monthly'   — STATE, FACILITY, Oct-25..Sep-26 per facility
2026-06-17 14:53:24  INFO      12. Uploading to Azure Blob as 'FY2026_dashboard.xlsx' ...
2026-06-17 14:53:26  INFO          Uploaded: https://baycentral.blob.core.windows.net/powerbi-datasource/FY2026_dashboard.xlsx
2026-06-17 14:53:26  INFO      -----------------------------------------------------------------
2026-06-17 14:53:26  INFO      Recent run history:
2026-06-17 14:53:26  INFO        2026-06-17T14:53:26 | mode=full        | period=Qtr3 / Jun-26 | api=15209 | cache=    0
2026-06-17 14:53:26  INFO        2026-06-17T14:18:41 | mode=full        | period=Qtr3 / Jun-26 | api=14686 | cache=    0
2026-06-17 14:53:26  INFO        2026-06-17T13:35:25 | mode=incremental | period=Qtr3 / Jun-26 | api= 1894 | cache=13181
2026-06-17 14:53:26  INFO        2026-06-16T22:00:14 | mode=full        | period=Qtr3 / Jun-26 | api=15075 | cache=    0
2026-06-17 14:53:26  INFO        2026-06-16T20:03:57 | mode=incremental | period=Qtr3 / Jun-26 | api= 2338 | cache=13181
2026-06-17 14:53:26  INFO      Done.
2026-06-17 14:53:26  INFO      =================================================================
